<?xml version="1.0" encoding="UTF-8"?>
<!-- Generated by org.testng.reporters.JUnitReportReporter -->
<testsuite hostname="SumedhKrishna" failures="0" tests="8" name="com.anusha.test.DataDrivenTests" time="4.240" errors="0" timestamp="2023-07-18T22:35:08 EDT" skipped="0">
  <testcase classname="com.anusha.test.DataDrivenTests" name="testPostUser" time="0.235"/>
  <system-out/>
  <testcase classname="com.anusha.test.DataDrivenTests" name="testPostUser" time="0.422"/>
  <system-out/>
  <testcase classname="com.anusha.test.DataDrivenTests" name="testPostUser" time="0.245"/>
  <system-out/>
  <testcase classname="com.anusha.test.DataDrivenTests" name="testPostUser" time="1.676"/>
  <system-out/>
  <testcase classname="com.anusha.test.DataDrivenTests" name="testDeleteUser" time="0.403"/>
  <system-out/>
  <testcase classname="com.anusha.test.DataDrivenTests" name="testDeleteUser" time="0.240"/>
  <system-out/>
  <testcase classname="com.anusha.test.DataDrivenTests" name="testDeleteUser" time="0.401"/>
  <system-out/>
  <testcase classname="com.anusha.test.DataDrivenTests" name="testDeleteUser" time="0.618"/>
  <system-out/>
</testsuite> <!-- com.anusha.test.DataDrivenTests -->
