<?xml version="1.0" encoding="UTF-8"?>
<!-- Generated by org.testng.reporters.JUnitReportReporter -->
<testsuite hostname="SumedhKrishna" failures="0" tests="4" name="com.anusha.test.UserTest2" time="3.208" errors="0" timestamp="2023-07-19T00:49:11 EDT" skipped="0">
  <testcase classname="com.anusha.test.UserTest2" name="testPostUser" time="1.451"/>
  <system-out/>
  <testcase classname="com.anusha.test.UserTest2" name="testGetUser" time="0.745"/>
  <system-out/>
  <testcase classname="com.anusha.test.UserTest2" name="testPutUser" time="0.600"/>
  <system-out/>
  <testcase classname="com.anusha.test.UserTest2" name="testDeleteUser" time="0.412"/>
  <system-out/>
</testsuite> <!-- com.anusha.test.UserTest2 -->
