<?xml version="1.0" encoding="UTF-8"?>
<!-- Generated by org.testng.reporters.JUnitReportReporter -->
<testsuite hostname="SumedhKrishna" failures="0" tests="4" name="com.anusha.test.UserTest" time="3.383" errors="0" timestamp="2023-07-18T23:48:26 EDT" skipped="0">
  <testcase classname="com.anusha.test.UserTest" name="testPostUser" time="1.876"/>
  <system-out/>
  <testcase classname="com.anusha.test.UserTest" name="testGetUser" time="0.645"/>
  <system-out/>
  <testcase classname="com.anusha.test.UserTest" name="testPutUser" time="0.615"/>
  <system-out/>
  <testcase classname="com.anusha.test.UserTest" name="testDeleteUser" time="0.247"/>
  <system-out/>
</testsuite> <!-- com.anusha.test.UserTest -->
